<?xml version="1.0" encoding="UTF-8"?>
<!-- Generated by org.testng.reporters.JUnitReportReporter -->
<testsuite hostname="DESKTOP-H8P9LN6" failures="0" tests="2" name="testscript.Annotations" time="0.012" errors="0" timestamp="2025-01-29T14:21:30 GMT-05:00" skipped="0">
  <testcase classname="testscript.Annotations" name="testCase" time="0.009"/>
  <testcase classname="testscript.Annotations" name="testCase2" time="0.003"/>
</testsuite> <!-- testscript.Annotations -->
