<?xml version="1.0" encoding="UTF-8"?>
<!-- Generated by org.testng.reporters.JUnitReportReporter -->
<testsuite hostname="DESKTOP-H8P9LN6" failures="0" tests="1" name="testscript.BaseTestNG" time="9.631" errors="0" timestamp="2025-01-28T15:33:22 GMT-05:00" skipped="0">
  <testcase classname="testscript.BaseTestNG" name="initialiseBrowser" time="9.631"/>
</testsuite> <!-- testscript.BaseTestNG -->
