<?xml version="1.0" encoding="UTF-8"?>
<!-- Generated by org.testng.reporters.JUnitReportReporter -->
<testsuite hostname="DESKTOP-H8P9LN6" failures="0" tests="1" name="testscript.ManageNewsTest" time="15.486" errors="0" timestamp="2025-02-18T17:05:28 GMT-05:00" skipped="0">
  <testcase classname="testscript.ManageNewsTest" name="verifyWheathertheUserIsAbleToDeleteTheNewsFromTheList" time="15.486"/>
</testsuite> <!-- testscript.ManageNewsTest -->
