<?xml version="1.0" encoding="UTF-8"?>
<!-- Generated by org.testng.reporters.JUnitReportReporter -->
<testsuite hostname="DESKTOP-H8P9LN6" failures="0" tests="1" name="testscript.ManageFooterTextTest" time="8.700" errors="0" timestamp="2025-02-14T00:45:33 GMT-05:00" skipped="0">
  <testcase classname="testscript.ManageFooterTextTest" name="verifytheUserIsAbleToEditTheContact" time="8.700"/>
</testsuite> <!-- testscript.ManageFooterTextTest -->
