<?xml version="1.0" encoding="UTF-8"?>
<!-- Generated by org.testng.reporters.JUnitReportReporter -->
<testsuite hostname="DESKTOP-H8P9LN6" failures="0" tests="1" name="testscript.ManageNewsTest" time="9.632" errors="0" timestamp="2025-02-12T20:54:15 GMT-05:00" skipped="0">
  <testcase classname="testscript.ManageNewsTest" name="verifyThatnewUserCanAddNewNews" time="9.632"/>
</testsuite> <!-- testscript.ManageNewsTest -->
