<?xml version="1.0" encoding="UTF-8"?>
<!-- Generated by org.testng.reporters.JUnitReportReporter -->
<testsuite hostname="DESKTOP-H8P9LN6" failures="0" tests="3" name="testscript.AdminUsersTest" time="28.057" errors="0" timestamp="2025-02-12T20:54:15 GMT-05:00" skipped="0">
  <testcase classname="testscript.AdminUsersTest" name="verifyWheathertheEntiredUserIsDisplayedFromList" time="10.668"/>
  <testcase classname="testscript.AdminUsersTest" name="verifyWheatherNewAdminUserCanCreate" time="8.058"/>
  <testcase classname="testscript.AdminUsersTest" name="verifyNewAdminUserCanCreateWithFaker" time="9.331"/>
</testsuite> <!-- testscript.AdminUsersTest -->
