<?xml version="1.0" encoding="UTF-8"?>
<!-- Generated by org.testng.reporters.JUnitReportReporter -->
<testsuite hostname="DESKTOP-H8P9LN6" failures="0" tests="1" name="testscript.CategoryTest" time="9.408" errors="0" timestamp="2025-02-12T20:54:15 GMT-05:00" skipped="0">
  <testcase classname="testscript.CategoryTest" name="verifyWheathertheUserCanCreateACategory" time="9.408"/>
</testsuite> <!-- testscript.CategoryTest -->
