<?xml version="1.0" encoding="UTF-8"?>
<!-- Generated by org.testng.reporters.JUnitReportReporter -->
<testsuite hostname="DESKTOP-H8P9LN6" failures="0" tests="1" name="testscript.ManageContactTest" time="14.943" errors="0" timestamp="2025-02-13T15:32:59 GMT-05:00" skipped="0">
  <testcase classname="testscript.ManageContactTest" name="verifytheUserIsAbleToEditTheContact" time="14.943"/>
</testsuite> <!-- testscript.ManageContactTest -->
