<?xml version="1.0" encoding="UTF-8"?>
<!-- Generated by org.testng.reporters.JUnitReportReporter -->
<testsuite hostname="DESKTOP-H8P9LN6" failures="0" tests="4" name="projectgrocery.Login" time="27.473" errors="0" timestamp="2025-02-02T16:20:15 GMT-05:00" skipped="0">
  <testcase classname="projectgrocery.Login" name="verifyWheatherTheUserIsNotAbleToNavigateToTheHomePageafterEnteringCorrectUserNameANDWrongPassword" time="6.327"/>
  <testcase classname="projectgrocery.Login" name="verifyWheatherTheUserIsAbleToNavigateToTheHomePageafterEnteringCorrectUserNameANDPassword" time="8.702"/>
  <testcase classname="projectgrocery.Login" name="verifyWheatherTheUserIsNotAbleToNavigateToTheHomePageafterEnteringWrongtUserNameANDWrongPassword" time="6.617"/>
  <testcase classname="projectgrocery.Login" name="verifyWheatherTheUserIsNotAbleToNavigateToTheHomePageafterEnteringWrongtUserNameANDCorrectPassword" time="5.827"/>
</testsuite> <!-- projectgrocery.Login -->
