<?xml version="1.0" encoding="UTF-8"?>
<!-- Generated by org.testng.reporters.JUnitReportReporter -->
<testsuite hostname="DESKTOP-H8P9LN6" failures="0" tests="1" name="testscript.SubCategoryTest" time="10.960" errors="0" timestamp="2025-02-12T20:54:15 GMT-05:00" skipped="0">
  <testcase classname="testscript.SubCategoryTest" name="verifyWheatherUserCanCreateNewSubCategory" time="10.960"/>
</testsuite> <!-- testscript.SubCategoryTest -->
