<?xml version="1.0" encoding="UTF-8"?>
<!-- Generated by org.testng.reporters.JUnitReportReporter -->
<testsuite hostname="DESKTOP-H8P9LN6" failures="0" tests="1" name="projectgrocery.Base" time="5.810" errors="0" timestamp="2025-02-01T21:01:57 GMT-05:00" skipped="0">
  <testcase classname="projectgrocery.Base" name="initialiseBrowser" time="5.810"/>
</testsuite> <!-- projectgrocery.Base -->
