<?xml version="1.0" encoding="UTF-8"?>
<!-- Generated by org.testng.reporters.JUnitReportReporter -->
<testsuite hostname="DESKTOP-H8P9LN6" failures="0" tests="6" name="testscript.LoginTest" time="38.156" errors="0" timestamp="2025-02-13T21:46:06 GMT-05:00" skipped="0">
  <testcase classname="testscript.LoginTest" name="verifyWheatherTheUserIsNotAbleToNavigateToTheHomePageafterEnteringWrongtUserNameANDCorrectPassword" time="6.010"/>
  <testcase classname="testscript.LoginTest" name="verifyWheatherTheUserIsAbleToNavigateToTheHomePageafterEnteringCorrectUserNameANDPassword" time="8.567"/>
  <testcase classname="testscript.LoginTest" name="verifyWheatherTheUserIsNotAbleToNavigateToTheHomePageafterEnteringCorrectUserNameANDWrongPassword" time="5.628"/>
  <testcase classname="testscript.LoginTest" name="verifyWheatherTheUserIsNotAbleToNavigateToTheHomePageafterEnteringWrongtUserNameANDWrongPassword" time="6.875"/>
  <testcase classname="testscript.LoginTest" name="verifyWheatherTheUserIsNotAbleToNavigateToTheHomePageafterEnteringWrongtUserNameANDWrongPassword" time="5.392"/>
  <testcase classname="testscript.LoginTest" name="verifyWheatherTheUserIsNotAbleToNavigateToTheHomePageafterEnteringWrongtUserNameANDWrongPassword" time="5.684"/>
</testsuite> <!-- testscript.LoginTest -->
