<?xml version="1.0" encoding="UTF-8"?>
<!-- Generated by org.testng.reporters.JUnitReportReporter -->
<testsuite hostname="DESKTOP-H8P9LN6" failures="0" tests="4" name="testscript.LoginTest" time="25.278" errors="0" timestamp="2025-02-12T20:54:15 GMT-05:00" skipped="0">
  <testcase classname="testscript.LoginTest" name="verifyWheatherTheUserIsNotAbleToNavigateToTheHomePageafterEnteringCorrectUserNameANDWrongPassword" time="7.736"/>
  <testcase classname="testscript.LoginTest" name="verifyWheatherTheUserIsNotAbleToNavigateToTheHomePageafterEnteringWrongtUserNameANDWrongPassword" time="5.255"/>
  <testcase classname="testscript.LoginTest" name="verifyWheatherTheUserIsNotAbleToNavigateToTheHomePageafterEnteringWrongtUserNameANDCorrectPassword" time="5.504"/>
  <testcase classname="testscript.LoginTest" name="verifyWheatherTheUserIsAbleToNavigateToTheHomePageafterEnteringCorrectUserNameANDPassword" time="6.783"/>
</testsuite> <!-- testscript.LoginTest -->
