<?xml version="1.0" encoding="UTF-8"?>
<!-- Generated by org.testng.reporters.JUnitReportReporter -->
<testsuite hostname="DESKTOP-H8P9LN6" failures="0" tests="1" name="testscript.ManageNewsTest" time="8.012" errors="0" timestamp="2025-02-14T01:18:21 GMT-05:00" skipped="0">
  <testcase classname="testscript.ManageNewsTest" name="verifyWheathertheUserIsAbleToDeleteTheNewsFromTheList" time="8.012"/>
</testsuite> <!-- testscript.ManageNewsTest -->
