<?xml version="1.0" encoding="UTF-8"?>
<!-- Generated by org.testng.reporters.JUnitReportReporter -->
<testsuite hostname="DESKTOP-H8P9LN6" failures="0" tests="1" name="testscript.LoginTest" time="7.912" errors="0" timestamp="2025-02-04T23:40:55 GMT-05:00" skipped="0">
  <testcase classname="testscript.LoginTest" name="verifyWheatherTheUserIsAbleToNavigateToTheHomePageafterEnteringCorrectUserNameANDPassword" time="7.912"/>
</testsuite> <!-- testscript.LoginTest -->
